<?xml version="1.0" encoding="UTF-8"?>
<testng-results skipped="0" failed="1" ignored="0" total="1" passed="0">
  <reporter-output>
  </reporter-output>
  <suite name="Suite" duration-ms="5693" started-at="2019-06-09T09:07:57Z" finished-at="2019-06-09T09:08:02Z">
    <groups>
    </groups>
    <test name="FirstTest" duration-ms="5693" started-at="2019-06-09T09:07:57Z" finished-at="2019-06-09T09:08:02Z">
      <class name="com.logigear.test.ta_dashboard.testcases.LoginTest">
        <test-method status="PASS" signature="beforeMethod(java.lang.String, java.lang.reflect.Method, org.testng.ITestContext)[pri:0, instance:com.logigear.test.ta_dashboard.testcases.LoginTest@1a968a59]" name="beforeMethod" is-config="true" duration-ms="3951" started-at="2019-06-09T09:07:57Z" finished-at="2019-06-09T09:08:01Z">
          <params>
            <param index="0">
              <value>
                <![CDATA[windows-chrome]]>
              </value>
            </param>
            <param index="1">
              <value>
                <![CDATA[public void com.logigear.test.ta_dashboard.testcases.LoginTest.TC001()]]>
              </value>
            </param>
            <param index="2">
              <value>
                <![CDATA[org.testng.TestRunner@5d76b067]]>
              </value>
            </param>
          </params>
          <reporter-output>
          </reporter-output>
        </test-method> <!-- beforeMethod -->
        <test-method status="FAIL" signature="TC001()[pri:0, instance:com.logigear.test.ta_dashboard.testcases.LoginTest@1a968a59]" name="TC001" duration-ms="938" started-at="2019-06-09T09:08:01Z" finished-at="2019-06-09T09:08:02Z">
          <exception class="java.lang.AssertionError">
            <message>
              <![CDATA[Can't login with correct credentials expected [SampleRepositoy] but found []]]>
            </message>
            <full-stacktrace>
              <![CDATA[java.lang.AssertionError: Can't login with correct credentials expected [SampleRepositoy] but found []
at org.testng.Assert.fail(Assert.java:96)
at org.testng.Assert.failNotEquals(Assert.java:776)
at org.testng.Assert.assertEqualsImpl(Assert.java:137)
at org.testng.Assert.assertEquals(Assert.java:118)
at org.testng.Assert.assertEquals(Assert.java:453)
at com.logigear.test.ta_dashboard.testcases.LoginTest.TC001(LoginTest.java:26)
at sun.reflect.NativeMethodAccessorImpl.invoke0(Native Method)
at sun.reflect.NativeMethodAccessorImpl.invoke(NativeMethodAccessorImpl.java:62)
at sun.reflect.DelegatingMethodAccessorImpl.invoke(DelegatingMethodAccessorImpl.java:43)
at java.lang.reflect.Method.invoke(Method.java:498)
at org.testng.internal.MethodInvocationHelper.invokeMethod(MethodInvocationHelper.java:124)
at org.testng.internal.Invoker.invokeMethod(Invoker.java:583)
at org.testng.internal.Invoker.invokeTestMethod(Invoker.java:719)
at org.testng.internal.Invoker.invokeTestMethods(Invoker.java:989)
at org.testng.internal.TestMethodWorker.invokeTestMethods(TestMethodWorker.java:125)
at org.testng.internal.TestMethodWorker.run(TestMethodWorker.java:109)
at java.util.concurrent.ThreadPoolExecutor.runWorker(ThreadPoolExecutor.java:1142)
at java.util.concurrent.ThreadPoolExecutor$Worker.run(ThreadPoolExecutor.java:617)
at java.lang.Thread.run(Thread.java:745)
]]>
            </full-stacktrace>
          </exception> <!-- java.lang.AssertionError -->
          <reporter-output>
          </reporter-output>
        </test-method> <!-- TC001 -->
        <test-method status="PASS" signature="cleanUp(org.testng.ITestResult)[pri:0, instance:com.logigear.test.ta_dashboard.testcases.LoginTest@1a968a59]" name="cleanUp" is-config="true" duration-ms="761" started-at="2019-06-09T09:08:02Z" finished-at="2019-06-09T09:08:02Z">
          <params>
            <param index="0">
              <value>
                <![CDATA[[TestResult name=TC001 status=FAILURE method=LoginTest.TC001()[pri:0, instance:com.logigear.test.ta_dashboard.testcases.LoginTest@1a968a59] output={null}]]]>
              </value>
            </param>
          </params>
          <reporter-output>
          </reporter-output>
        </test-method> <!-- cleanUp -->
      </class> <!-- com.logigear.test.ta_dashboard.testcases.LoginTest -->
    </test> <!-- FirstTest -->
  </suite> <!-- Suite -->
</testng-results>
